have_library: checking for -lkernel32... -------------------- yes

PATH=".;C:/Ruby32-x64/lib;C:\Ruby32-x64\bin;C:\Ruby32-x64\msys64\ucrt64\bin;C:\Ruby32-x64\msys64\usr\bin;C:\Ruby32-x64\bin;C:\Program Files\Python38\Scripts\;C:\Program Files\Python38\;C:\Program Files (x86)\Common Files\Oracle\Java\javapath;C:\Program Files\Python\Python37\Scripts\;C:\Program Files\Python\Python37\;C:\Program Files\Scripts\;C:\Program Files\;C:\ProgramData\Oracle\Java\javapath;C:\WINDOWS\system32;C:\WINDOWS;C:\WINDOWS\System32\Wbem;C:\WINDOWS\System32\WindowsPowerShell\v1.0\;C:\Program Files\Intel\WiFi\bin\;C:\Program Files\Common Files\Intel\WirelessCommon\;C:\Program Files (x86)\Skype\Phone\;C:\Program Files (x86)\Universal Extractor;C:\Program Files (x86)\Universal Extractor\bin;C:\WINDOWS\System32\OpenSSH\;C:\Program Files\dotnet\;C:\Program Files\Microsoft SQL Server\130\Tools\Binn\;C:\Program Files\Microsoft SQL Server\Client SDK\ODBC\170\Tools\Binn\;C:\Program Files\nodejs\;C:\Program Files\Microsoft VS Code\bin;C:\Program Files (x86)\Microsoft SQL Server\150\Tools\Binn\;C:\Program Files\Microsoft SQL Server\150\Tools\Binn\;C:\Program Files\Microsoft SQL Server\150\DTS\Binn\;C:\Program Files (x86)\Microsoft SQL Server\150\DTS\Binn\;C:\Program Files\Git\cmd;C:\Ruby30-x64\bin;C:\Program Files\Ruby30-x64\bin;C:\Users\Mark\AppData\roaming\Python\Python38\scripts;C:\Users\Mark\AppData\roaming\Python\Python38\;C:\Program Files\MySQL\MySQL Shell 8.0\bin\;C:\Program Files\Intel\WiFi\bin\;C:\Program Files\Common Files\Intel\WirelessCommon\;C:\Users\Mark\AppData\Local\Microsoft\WindowsApps;C:\Users\Mark\AppData\Roaming\Dashlane\6.1907.0.17833\bin\Firefox_Extension\{442718d9-475e-452a-b3e1-fb1ee16b8e9f}\components;C:\Users\Mark\AppData\Roaming\Dashlane\6.1907.0.17833\ucrt;C:\Users\Mark\AppData\Roaming\Dashlane\6.1907.0.17833\bin\Qt;C:\Users\Mark\AppData\Roaming\Dashlane\6.1907.0.17833\bin\Ssl;C:\Users\Mark\AppData\Roaming\npm;C:\Users\Mark\.dotnet\tools;C:\Users\Mark\AppData\Local\GitHubDesktop\bin;C:\Users\Mark\AppData\Local\Microsoft\WindowsApps;C:\Program Files\JetBrains\PyCharm Community Edition 2021.1.3\bin;;C:\Users\Mark\.ebcli-virtual-env\executables" "gcc -o conftest.exe -IC:/Ruby32-x64/include/ruby-3.2.0/x64-mingw-ucrt -IC:/Ruby32-x64/include/ruby-3.2.0/ruby/backward -IC:/Ruby32-x64/include/ruby-3.2.0 -I. -D__USE_MINGW_ANSI_STDIO=1 -DFD_SETSIZE=2048 -D_WIN32_WINNT=0x0600 -D__MINGW_USE_VC2005_COMPAT -D_FILE_OFFSET_BITS=64  -O3 -fno-fast-math -fstack-protector-strong conftest.c  -L. -LC:/Ruby32-x64/lib -L. -pipe -s -fstack-protector-strong -Wl,--no-as-needed  -m64   -lx64-ucrt-ruby320  -lshell32 -lws2_32 -liphlpapi -limagehlp -lshlwapi -lbcrypt  "
checked program was:
/* begin */
1: #include "ruby.h"
2: 
3: #include <winsock2.h>
4: #include <windows.h>
5: int main(int argc, char **argv)
6: {
7:   return !!argv[argc];
8: }
/* end */

PATH=".;C:/Ruby32-x64/lib;C:\Ruby32-x64\bin;C:\Ruby32-x64\msys64\ucrt64\bin;C:\Ruby32-x64\msys64\usr\bin;C:\Ruby32-x64\bin;C:\Program Files\Python38\Scripts\;C:\Program Files\Python38\;C:\Program Files (x86)\Common Files\Oracle\Java\javapath;C:\Program Files\Python\Python37\Scripts\;C:\Program Files\Python\Python37\;C:\Program Files\Scripts\;C:\Program Files\;C:\ProgramData\Oracle\Java\javapath;C:\WINDOWS\system32;C:\WINDOWS;C:\WINDOWS\System32\Wbem;C:\WINDOWS\System32\WindowsPowerShell\v1.0\;C:\Program Files\Intel\WiFi\bin\;C:\Program Files\Common Files\Intel\WirelessCommon\;C:\Program Files (x86)\Skype\Phone\;C:\Program Files (x86)\Universal Extractor;C:\Program Files (x86)\Universal Extractor\bin;C:\WINDOWS\System32\OpenSSH\;C:\Program Files\dotnet\;C:\Program Files\Microsoft SQL Server\130\Tools\Binn\;C:\Program Files\Microsoft SQL Server\Client SDK\ODBC\170\Tools\Binn\;C:\Program Files\nodejs\;C:\Program Files\Microsoft VS Code\bin;C:\Program Files (x86)\Microsoft SQL Server\150\Tools\Binn\;C:\Program Files\Microsoft SQL Server\150\Tools\Binn\;C:\Program Files\Microsoft SQL Server\150\DTS\Binn\;C:\Program Files (x86)\Microsoft SQL Server\150\DTS\Binn\;C:\Program Files\Git\cmd;C:\Ruby30-x64\bin;C:\Program Files\Ruby30-x64\bin;C:\Users\Mark\AppData\roaming\Python\Python38\scripts;C:\Users\Mark\AppData\roaming\Python\Python38\;C:\Program Files\MySQL\MySQL Shell 8.0\bin\;C:\Program Files\Intel\WiFi\bin\;C:\Program Files\Common Files\Intel\WirelessCommon\;C:\Users\Mark\AppData\Local\Microsoft\WindowsApps;C:\Users\Mark\AppData\Roaming\Dashlane\6.1907.0.17833\bin\Firefox_Extension\{442718d9-475e-452a-b3e1-fb1ee16b8e9f}\components;C:\Users\Mark\AppData\Roaming\Dashlane\6.1907.0.17833\ucrt;C:\Users\Mark\AppData\Roaming\Dashlane\6.1907.0.17833\bin\Qt;C:\Users\Mark\AppData\Roaming\Dashlane\6.1907.0.17833\bin\Ssl;C:\Users\Mark\AppData\Roaming\npm;C:\Users\Mark\.dotnet\tools;C:\Users\Mark\AppData\Local\GitHubDesktop\bin;C:\Users\Mark\AppData\Local\Microsoft\WindowsApps;C:\Program Files\JetBrains\PyCharm Community Edition 2021.1.3\bin;;C:\Users\Mark\.ebcli-virtual-env\executables" "gcc -o conftest.exe -IC:/Ruby32-x64/include/ruby-3.2.0/x64-mingw-ucrt -IC:/Ruby32-x64/include/ruby-3.2.0/ruby/backward -IC:/Ruby32-x64/include/ruby-3.2.0 -I. -D__USE_MINGW_ANSI_STDIO=1 -DFD_SETSIZE=2048 -D_WIN32_WINNT=0x0600 -D__MINGW_USE_VC2005_COMPAT -D_FILE_OFFSET_BITS=64  -O3 -fno-fast-math -fstack-protector-strong conftest.c  -L. -LC:/Ruby32-x64/lib -L. -pipe -s -fstack-protector-strong -Wl,--no-as-needed  -m64   -lx64-ucrt-ruby320 -lkernel32  -lshell32 -lws2_32 -liphlpapi -limagehlp -lshlwapi -lbcrypt  "
checked program was:
/* begin */
 1: #include "ruby.h"
 2: 
 3: #include <winsock2.h>
 4: #include <windows.h>
 5: 
 6: /*top*/
 7: extern int t(void);
 8: int main(int argc, char **argv)
 9: {
10:   if (argc > 1000000) {
11:     int (* volatile tp)(void)=(int (*)(void))&t;
12:     printf("%d", (*tp)());
13:   }
14: 
15:   return !!argv[argc];
16: }
17: 
18: int t(void) { ; return 0; }
/* end */

--------------------

have_header: checking for windows.h... -------------------- yes

PATH=".;C:/Ruby32-x64/lib;C:\Ruby32-x64\bin;C:\Ruby32-x64\msys64\ucrt64\bin;C:\Ruby32-x64\msys64\usr\bin;C:\Ruby32-x64\bin;C:\Program Files\Python38\Scripts\;C:\Program Files\Python38\;C:\Program Files (x86)\Common Files\Oracle\Java\javapath;C:\Program Files\Python\Python37\Scripts\;C:\Program Files\Python\Python37\;C:\Program Files\Scripts\;C:\Program Files\;C:\ProgramData\Oracle\Java\javapath;C:\WINDOWS\system32;C:\WINDOWS;C:\WINDOWS\System32\Wbem;C:\WINDOWS\System32\WindowsPowerShell\v1.0\;C:\Program Files\Intel\WiFi\bin\;C:\Program Files\Common Files\Intel\WirelessCommon\;C:\Program Files (x86)\Skype\Phone\;C:\Program Files (x86)\Universal Extractor;C:\Program Files (x86)\Universal Extractor\bin;C:\WINDOWS\System32\OpenSSH\;C:\Program Files\dotnet\;C:\Program Files\Microsoft SQL Server\130\Tools\Binn\;C:\Program Files\Microsoft SQL Server\Client SDK\ODBC\170\Tools\Binn\;C:\Program Files\nodejs\;C:\Program Files\Microsoft VS Code\bin;C:\Program Files (x86)\Microsoft SQL Server\150\Tools\Binn\;C:\Program Files\Microsoft SQL Server\150\Tools\Binn\;C:\Program Files\Microsoft SQL Server\150\DTS\Binn\;C:\Program Files (x86)\Microsoft SQL Server\150\DTS\Binn\;C:\Program Files\Git\cmd;C:\Ruby30-x64\bin;C:\Program Files\Ruby30-x64\bin;C:\Users\Mark\AppData\roaming\Python\Python38\scripts;C:\Users\Mark\AppData\roaming\Python\Python38\;C:\Program Files\MySQL\MySQL Shell 8.0\bin\;C:\Program Files\Intel\WiFi\bin\;C:\Program Files\Common Files\Intel\WirelessCommon\;C:\Users\Mark\AppData\Local\Microsoft\WindowsApps;C:\Users\Mark\AppData\Roaming\Dashlane\6.1907.0.17833\bin\Firefox_Extension\{442718d9-475e-452a-b3e1-fb1ee16b8e9f}\components;C:\Users\Mark\AppData\Roaming\Dashlane\6.1907.0.17833\ucrt;C:\Users\Mark\AppData\Roaming\Dashlane\6.1907.0.17833\bin\Qt;C:\Users\Mark\AppData\Roaming\Dashlane\6.1907.0.17833\bin\Ssl;C:\Users\Mark\AppData\Roaming\npm;C:\Users\Mark\.dotnet\tools;C:\Users\Mark\AppData\Local\GitHubDesktop\bin;C:\Users\Mark\AppData\Local\Microsoft\WindowsApps;C:\Program Files\JetBrains\PyCharm Community Edition 2021.1.3\bin;;C:\Users\Mark\.ebcli-virtual-env\executables" "gcc -IC:/Ruby32-x64/include/ruby-3.2.0/x64-mingw-ucrt -IC:/Ruby32-x64/include/ruby-3.2.0/ruby/backward -IC:/Ruby32-x64/include/ruby-3.2.0 -I. -D__USE_MINGW_ANSI_STDIO=1 -DFD_SETSIZE=2048 -D_WIN32_WINNT=0x0600 -D__MINGW_USE_VC2005_COMPAT -D_FILE_OFFSET_BITS=64  -O3 -fno-fast-math -fstack-protector-strong -m64  -c conftest.c"
checked program was:
/* begin */
1: #include "ruby.h"
2: 
3: #include <winsock2.h>
4: #include <windows.h>
5: #include <windows.h>
/* end */

--------------------

have_header: checking for ruby.h... -------------------- yes

PATH=".;C:/Ruby32-x64/lib;C:\Ruby32-x64\bin;C:\Ruby32-x64\msys64\ucrt64\bin;C:\Ruby32-x64\msys64\usr\bin;C:\Ruby32-x64\bin;C:\Program Files\Python38\Scripts\;C:\Program Files\Python38\;C:\Program Files (x86)\Common Files\Oracle\Java\javapath;C:\Program Files\Python\Python37\Scripts\;C:\Program Files\Python\Python37\;C:\Program Files\Scripts\;C:\Program Files\;C:\ProgramData\Oracle\Java\javapath;C:\WINDOWS\system32;C:\WINDOWS;C:\WINDOWS\System32\Wbem;C:\WINDOWS\System32\WindowsPowerShell\v1.0\;C:\Program Files\Intel\WiFi\bin\;C:\Program Files\Common Files\Intel\WirelessCommon\;C:\Program Files (x86)\Skype\Phone\;C:\Program Files (x86)\Universal Extractor;C:\Program Files (x86)\Universal Extractor\bin;C:\WINDOWS\System32\OpenSSH\;C:\Program Files\dotnet\;C:\Program Files\Microsoft SQL Server\130\Tools\Binn\;C:\Program Files\Microsoft SQL Server\Client SDK\ODBC\170\Tools\Binn\;C:\Program Files\nodejs\;C:\Program Files\Microsoft VS Code\bin;C:\Program Files (x86)\Microsoft SQL Server\150\Tools\Binn\;C:\Program Files\Microsoft SQL Server\150\Tools\Binn\;C:\Program Files\Microsoft SQL Server\150\DTS\Binn\;C:\Program Files (x86)\Microsoft SQL Server\150\DTS\Binn\;C:\Program Files\Git\cmd;C:\Ruby30-x64\bin;C:\Program Files\Ruby30-x64\bin;C:\Users\Mark\AppData\roaming\Python\Python38\scripts;C:\Users\Mark\AppData\roaming\Python\Python38\;C:\Program Files\MySQL\MySQL Shell 8.0\bin\;C:\Program Files\Intel\WiFi\bin\;C:\Program Files\Common Files\Intel\WirelessCommon\;C:\Users\Mark\AppData\Local\Microsoft\WindowsApps;C:\Users\Mark\AppData\Roaming\Dashlane\6.1907.0.17833\bin\Firefox_Extension\{442718d9-475e-452a-b3e1-fb1ee16b8e9f}\components;C:\Users\Mark\AppData\Roaming\Dashlane\6.1907.0.17833\ucrt;C:\Users\Mark\AppData\Roaming\Dashlane\6.1907.0.17833\bin\Qt;C:\Users\Mark\AppData\Roaming\Dashlane\6.1907.0.17833\bin\Ssl;C:\Users\Mark\AppData\Roaming\npm;C:\Users\Mark\.dotnet\tools;C:\Users\Mark\AppData\Local\GitHubDesktop\bin;C:\Users\Mark\AppData\Local\Microsoft\WindowsApps;C:\Program Files\JetBrains\PyCharm Community Edition 2021.1.3\bin;;C:\Users\Mark\.ebcli-virtual-env\executables" "gcc -IC:/Ruby32-x64/include/ruby-3.2.0/x64-mingw-ucrt -IC:/Ruby32-x64/include/ruby-3.2.0/ruby/backward -IC:/Ruby32-x64/include/ruby-3.2.0 -I. -D__USE_MINGW_ANSI_STDIO=1 -DFD_SETSIZE=2048 -D_WIN32_WINNT=0x0600 -D__MINGW_USE_VC2005_COMPAT -D_FILE_OFFSET_BITS=64  -O3 -fno-fast-math -fstack-protector-strong -m64  -c conftest.c"
checked program was:
/* begin */
1: #include "ruby.h"
2: 
3: #include <winsock2.h>
4: #include <windows.h>
5: #include <ruby.h>
/* end */

--------------------

have_const: checking for HAVE_RUBY_ENCODING_H... -------------------- yes

PATH=".;C:/Ruby32-x64/lib;C:\Ruby32-x64\bin;C:\Ruby32-x64\msys64\ucrt64\bin;C:\Ruby32-x64\msys64\usr\bin;C:\Ruby32-x64\bin;C:\Program Files\Python38\Scripts\;C:\Program Files\Python38\;C:\Program Files (x86)\Common Files\Oracle\Java\javapath;C:\Program Files\Python\Python37\Scripts\;C:\Program Files\Python\Python37\;C:\Program Files\Scripts\;C:\Program Files\;C:\ProgramData\Oracle\Java\javapath;C:\WINDOWS\system32;C:\WINDOWS;C:\WINDOWS\System32\Wbem;C:\WINDOWS\System32\WindowsPowerShell\v1.0\;C:\Program Files\Intel\WiFi\bin\;C:\Program Files\Common Files\Intel\WirelessCommon\;C:\Program Files (x86)\Skype\Phone\;C:\Program Files (x86)\Universal Extractor;C:\Program Files (x86)\Universal Extractor\bin;C:\WINDOWS\System32\OpenSSH\;C:\Program Files\dotnet\;C:\Program Files\Microsoft SQL Server\130\Tools\Binn\;C:\Program Files\Microsoft SQL Server\Client SDK\ODBC\170\Tools\Binn\;C:\Program Files\nodejs\;C:\Program Files\Microsoft VS Code\bin;C:\Program Files (x86)\Microsoft SQL Server\150\Tools\Binn\;C:\Program Files\Microsoft SQL Server\150\Tools\Binn\;C:\Program Files\Microsoft SQL Server\150\DTS\Binn\;C:\Program Files (x86)\Microsoft SQL Server\150\DTS\Binn\;C:\Program Files\Git\cmd;C:\Ruby30-x64\bin;C:\Program Files\Ruby30-x64\bin;C:\Users\Mark\AppData\roaming\Python\Python38\scripts;C:\Users\Mark\AppData\roaming\Python\Python38\;C:\Program Files\MySQL\MySQL Shell 8.0\bin\;C:\Program Files\Intel\WiFi\bin\;C:\Program Files\Common Files\Intel\WirelessCommon\;C:\Users\Mark\AppData\Local\Microsoft\WindowsApps;C:\Users\Mark\AppData\Roaming\Dashlane\6.1907.0.17833\bin\Firefox_Extension\{442718d9-475e-452a-b3e1-fb1ee16b8e9f}\components;C:\Users\Mark\AppData\Roaming\Dashlane\6.1907.0.17833\ucrt;C:\Users\Mark\AppData\Roaming\Dashlane\6.1907.0.17833\bin\Qt;C:\Users\Mark\AppData\Roaming\Dashlane\6.1907.0.17833\bin\Ssl;C:\Users\Mark\AppData\Roaming\npm;C:\Users\Mark\.dotnet\tools;C:\Users\Mark\AppData\Local\GitHubDesktop\bin;C:\Users\Mark\AppData\Local\Microsoft\WindowsApps;C:\Program Files\JetBrains\PyCharm Community Edition 2021.1.3\bin;;C:\Users\Mark\.ebcli-virtual-env\executables" "gcc -IC:/Ruby32-x64/include/ruby-3.2.0/x64-mingw-ucrt -IC:/Ruby32-x64/include/ruby-3.2.0/ruby/backward -IC:/Ruby32-x64/include/ruby-3.2.0 -I. -D__USE_MINGW_ANSI_STDIO=1 -DFD_SETSIZE=2048 -D_WIN32_WINNT=0x0600 -D__MINGW_USE_VC2005_COMPAT -D_FILE_OFFSET_BITS=64  -O3 -fno-fast-math -fstack-protector-strong -m64  -c conftest.c"
checked program was:
/* begin */
1: #include "ruby.h"
2: 
3: #include <winsock2.h>
4: #include <windows.h>
5: 
6: /*top*/
7: typedef int conftest_type;
8: conftest_type conftestval = (int)HAVE_RUBY_ENCODING_H;
/* end */

--------------------

have_func: checking for rb_thread_call_without_gvl()... -------------------- yes

PATH=".;C:/Ruby32-x64/lib;C:\Ruby32-x64\bin;C:\Ruby32-x64\msys64\ucrt64\bin;C:\Ruby32-x64\msys64\usr\bin;C:\Ruby32-x64\bin;C:\Program Files\Python38\Scripts\;C:\Program Files\Python38\;C:\Program Files (x86)\Common Files\Oracle\Java\javapath;C:\Program Files\Python\Python37\Scripts\;C:\Program Files\Python\Python37\;C:\Program Files\Scripts\;C:\Program Files\;C:\ProgramData\Oracle\Java\javapath;C:\WINDOWS\system32;C:\WINDOWS;C:\WINDOWS\System32\Wbem;C:\WINDOWS\System32\WindowsPowerShell\v1.0\;C:\Program Files\Intel\WiFi\bin\;C:\Program Files\Common Files\Intel\WirelessCommon\;C:\Program Files (x86)\Skype\Phone\;C:\Program Files (x86)\Universal Extractor;C:\Program Files (x86)\Universal Extractor\bin;C:\WINDOWS\System32\OpenSSH\;C:\Program Files\dotnet\;C:\Program Files\Microsoft SQL Server\130\Tools\Binn\;C:\Program Files\Microsoft SQL Server\Client SDK\ODBC\170\Tools\Binn\;C:\Program Files\nodejs\;C:\Program Files\Microsoft VS Code\bin;C:\Program Files (x86)\Microsoft SQL Server\150\Tools\Binn\;C:\Program Files\Microsoft SQL Server\150\Tools\Binn\;C:\Program Files\Microsoft SQL Server\150\DTS\Binn\;C:\Program Files (x86)\Microsoft SQL Server\150\DTS\Binn\;C:\Program Files\Git\cmd;C:\Ruby30-x64\bin;C:\Program Files\Ruby30-x64\bin;C:\Users\Mark\AppData\roaming\Python\Python38\scripts;C:\Users\Mark\AppData\roaming\Python\Python38\;C:\Program Files\MySQL\MySQL Shell 8.0\bin\;C:\Program Files\Intel\WiFi\bin\;C:\Program Files\Common Files\Intel\WirelessCommon\;C:\Users\Mark\AppData\Local\Microsoft\WindowsApps;C:\Users\Mark\AppData\Roaming\Dashlane\6.1907.0.17833\bin\Firefox_Extension\{442718d9-475e-452a-b3e1-fb1ee16b8e9f}\components;C:\Users\Mark\AppData\Roaming\Dashlane\6.1907.0.17833\ucrt;C:\Users\Mark\AppData\Roaming\Dashlane\6.1907.0.17833\bin\Qt;C:\Users\Mark\AppData\Roaming\Dashlane\6.1907.0.17833\bin\Ssl;C:\Users\Mark\AppData\Roaming\npm;C:\Users\Mark\.dotnet\tools;C:\Users\Mark\AppData\Local\GitHubDesktop\bin;C:\Users\Mark\AppData\Local\Microsoft\WindowsApps;C:\Program Files\JetBrains\PyCharm Community Edition 2021.1.3\bin;;C:\Users\Mark\.ebcli-virtual-env\executables" "gcc -o conftest.exe -IC:/Ruby32-x64/include/ruby-3.2.0/x64-mingw-ucrt -IC:/Ruby32-x64/include/ruby-3.2.0/ruby/backward -IC:/Ruby32-x64/include/ruby-3.2.0 -I. -D__USE_MINGW_ANSI_STDIO=1 -DFD_SETSIZE=2048 -D_WIN32_WINNT=0x0600 -D__MINGW_USE_VC2005_COMPAT -D_FILE_OFFSET_BITS=64  -O3 -fno-fast-math -fstack-protector-strong conftest.c  -L. -LC:/Ruby32-x64/lib -L. -pipe -s -fstack-protector-strong -Wl,--no-as-needed  -m64  -lkernel32  -lx64-ucrt-ruby320 -lkernel32  -lshell32 -lws2_32 -liphlpapi -limagehlp -lshlwapi -lbcrypt  "
conftest.c: In function 't':
conftest.c:17:57: error: 'rb_thread_call_without_gvl' undeclared (first use in this function)
   17 | int t(void) { void ((*volatile p)()); p = (void ((*)()))rb_thread_call_without_gvl; return !p; }
      |                                                         ^~~~~~~~~~~~~~~~~~~~~~~~~~
conftest.c:17:57: note: each undeclared identifier is reported only once for each function it appears in
checked program was:
/* begin */
 1: #include "ruby.h"
 2: 
 3: #include <winsock2.h>
 4: #include <windows.h>
 5: 
 6: /*top*/
 7: extern int t(void);
 8: int main(int argc, char **argv)
 9: {
10:   if (argc > 1000000) {
11:     int (* volatile tp)(void)=(int (*)(void))&t;
12:     printf("%d", (*tp)());
13:   }
14: 
15:   return !!argv[argc];
16: }
17: int t(void) { void ((*volatile p)()); p = (void ((*)()))rb_thread_call_without_gvl; return !p; }
/* end */

PATH=".;C:/Ruby32-x64/lib;C:\Ruby32-x64\bin;C:\Ruby32-x64\msys64\ucrt64\bin;C:\Ruby32-x64\msys64\usr\bin;C:\Ruby32-x64\bin;C:\Program Files\Python38\Scripts\;C:\Program Files\Python38\;C:\Program Files (x86)\Common Files\Oracle\Java\javapath;C:\Program Files\Python\Python37\Scripts\;C:\Program Files\Python\Python37\;C:\Program Files\Scripts\;C:\Program Files\;C:\ProgramData\Oracle\Java\javapath;C:\WINDOWS\system32;C:\WINDOWS;C:\WINDOWS\System32\Wbem;C:\WINDOWS\System32\WindowsPowerShell\v1.0\;C:\Program Files\Intel\WiFi\bin\;C:\Program Files\Common Files\Intel\WirelessCommon\;C:\Program Files (x86)\Skype\Phone\;C:\Program Files (x86)\Universal Extractor;C:\Program Files (x86)\Universal Extractor\bin;C:\WINDOWS\System32\OpenSSH\;C:\Program Files\dotnet\;C:\Program Files\Microsoft SQL Server\130\Tools\Binn\;C:\Program Files\Microsoft SQL Server\Client SDK\ODBC\170\Tools\Binn\;C:\Program Files\nodejs\;C:\Program Files\Microsoft VS Code\bin;C:\Program Files (x86)\Microsoft SQL Server\150\Tools\Binn\;C:\Program Files\Microsoft SQL Server\150\Tools\Binn\;C:\Program Files\Microsoft SQL Server\150\DTS\Binn\;C:\Program Files (x86)\Microsoft SQL Server\150\DTS\Binn\;C:\Program Files\Git\cmd;C:\Ruby30-x64\bin;C:\Program Files\Ruby30-x64\bin;C:\Users\Mark\AppData\roaming\Python\Python38\scripts;C:\Users\Mark\AppData\roaming\Python\Python38\;C:\Program Files\MySQL\MySQL Shell 8.0\bin\;C:\Program Files\Intel\WiFi\bin\;C:\Program Files\Common Files\Intel\WirelessCommon\;C:\Users\Mark\AppData\Local\Microsoft\WindowsApps;C:\Users\Mark\AppData\Roaming\Dashlane\6.1907.0.17833\bin\Firefox_Extension\{442718d9-475e-452a-b3e1-fb1ee16b8e9f}\components;C:\Users\Mark\AppData\Roaming\Dashlane\6.1907.0.17833\ucrt;C:\Users\Mark\AppData\Roaming\Dashlane\6.1907.0.17833\bin\Qt;C:\Users\Mark\AppData\Roaming\Dashlane\6.1907.0.17833\bin\Ssl;C:\Users\Mark\AppData\Roaming\npm;C:\Users\Mark\.dotnet\tools;C:\Users\Mark\AppData\Local\GitHubDesktop\bin;C:\Users\Mark\AppData\Local\Microsoft\WindowsApps;C:\Program Files\JetBrains\PyCharm Community Edition 2021.1.3\bin;;C:\Users\Mark\.ebcli-virtual-env\executables" "gcc -o conftest.exe -IC:/Ruby32-x64/include/ruby-3.2.0/x64-mingw-ucrt -IC:/Ruby32-x64/include/ruby-3.2.0/ruby/backward -IC:/Ruby32-x64/include/ruby-3.2.0 -I. -D__USE_MINGW_ANSI_STDIO=1 -DFD_SETSIZE=2048 -D_WIN32_WINNT=0x0600 -D__MINGW_USE_VC2005_COMPAT -D_FILE_OFFSET_BITS=64  -O3 -fno-fast-math -fstack-protector-strong conftest.c  -L. -LC:/Ruby32-x64/lib -L. -pipe -s -fstack-protector-strong -Wl,--no-as-needed  -m64  -lkernel32  -lx64-ucrt-ruby320 -lkernel32  -lshell32 -lws2_32 -liphlpapi -limagehlp -lshlwapi -lbcrypt  "
checked program was:
/* begin */
 1: #include "ruby.h"
 2: 
 3: #include <winsock2.h>
 4: #include <windows.h>
 5: 
 6: /*top*/
 7: extern int t(void);
 8: int main(int argc, char **argv)
 9: {
10:   if (argc > 1000000) {
11:     int (* volatile tp)(void)=(int (*)(void))&t;
12:     printf("%d", (*tp)());
13:   }
14: 
15:   return !!argv[argc];
16: }
17: extern void rb_thread_call_without_gvl();
18: int t(void) { rb_thread_call_without_gvl(); return 0; }
/* end */

--------------------

